2023-07-13 21:39:00,898 [Worker-1: Loading available Gradle versions] INFO  o.e.b.c.i.u.g.PublishedGradleVersions - Gradle version information cache is up-to-date. Trying to read.
2023-07-13 21:39:42,603 [Worker-8: Importing Maven projects] INFO  o.e.m.c.i.l.LifecycleMappingFactory - Using org.eclipse.m2e.jdt.JarLifecycleMapping lifecycle mapping for MavenProject: com.aduana.uth:almacenaduanas:1.0-SNAPSHOT @ C:\Users\Usuario\Downloads\almacen-aduanas\pom.xml.
2023-07-13 21:39:51,269 [Worker-8: Importing Maven projects] INFO  org.reflections.Reflections - Reflections took 1769 ms to scan 159 urls, producing 8881 keys and 43652 values
2023-07-13 21:39:51,337 [Worker-8: Importing Maven projects] INFO  c.v.f.s.f.TaskCopyFrontendFiles - Copying frontend resources from jar files ...
2023-07-13 21:39:51,797 [Worker-8: Importing Maven projects] INFO  c.v.f.s.f.TaskCopyFrontendFiles - Visited 158 resources. Took 460 ms.
2023-07-13 21:39:51,980 [Worker-8: Importing Maven projects] INFO  o.e.m.j.i.AbstractJavaProjectConfigurator - Adding source folder /almacenaduanas/src/main/java
2023-07-13 21:39:51,981 [Worker-8: Importing Maven projects] INFO  o.e.m.j.i.AbstractJavaProjectConfigurator - Adding resource folder /almacenaduanas/src/main/resources
2023-07-13 21:39:51,981 [Worker-8: Importing Maven projects] INFO  o.e.m.j.i.AbstractJavaProjectConfigurator - Adding resource folder /almacenaduanas/src/main/resources
2023-07-13 21:39:51,982 [Worker-8: Importing Maven projects] INFO  o.e.m.j.i.AbstractJavaProjectConfigurator - Adding source folder /almacenaduanas/src/test/java
2023-07-13 21:39:53,181 [Worker-8: Importing Maven projects] INFO  o.e.m.c.i.p.ProjectConfigurationManager - Imported and configured 1 project(s) in 12 sec
2023-07-13 21:39:53,650 [Worker-10: Updating Maven Project] INFO  o.e.m.c.i.p.ProjectConfigurationManager - Update started
2023-07-13 21:39:54,186 [Worker-10: Updating Maven Project] INFO  o.e.m.c.i.l.LifecycleMappingFactory - Using org.eclipse.m2e.jdt.JarLifecycleMapping lifecycle mapping for MavenProject: com.aduana.uth:almacenaduanas:1.0-SNAPSHOT @ C:\Users\Usuario\Downloads\almacen-aduanas\pom.xml.
2023-07-13 21:40:00,880 [Worker-10: Updating Maven Project] INFO  org.reflections.Reflections - Reflections took 1594 ms to scan 159 urls, producing 8881 keys and 43652 values
2023-07-13 21:40:00,924 [Worker-10: Updating Maven Project] INFO  c.v.f.s.f.TaskCopyFrontendFiles - Copying frontend resources from jar files ...
2023-07-13 21:40:01,323 [Worker-10: Updating Maven Project] INFO  c.v.f.s.f.TaskCopyFrontendFiles - Visited 158 resources. Took 398 ms.
2023-07-13 21:40:01,433 [Worker-10: Updating Maven Project] INFO  o.e.m.j.i.AbstractJavaProjectConfigurator - Adding source folder /almacenaduanas/src/main/java
2023-07-13 21:40:01,434 [Worker-10: Updating Maven Project] INFO  o.e.m.j.i.AbstractJavaProjectConfigurator - Adding resource folder /almacenaduanas/src/main/resources
2023-07-13 21:40:01,435 [Worker-10: Updating Maven Project] INFO  o.e.m.j.i.AbstractJavaProjectConfigurator - Adding resource folder /almacenaduanas/src/main/resources
2023-07-13 21:40:01,436 [Worker-10: Updating Maven Project] INFO  o.e.m.j.i.AbstractJavaProjectConfigurator - Adding source folder /almacenaduanas/src/test/java
2023-07-13 21:40:02,659 [Worker-10: Updating Maven Project] INFO  o.e.m.c.i.p.ProjectConfigurationManager - Update completed for 1 poms: local refresh takes 0,00 sec, refresh facades takes 2,00 sec, update config takes 5,00 sec 
2023-07-13 21:40:03,677 [Worker-7: Building] INFO  o.a.m.s.f.DefaultMavenResourcesFiltering - Copying 1 resource from src\main\resources to target\classes
2023-07-13 21:40:03,708 [Worker-7: Building] INFO  o.a.m.s.f.DefaultMavenResourcesFiltering - Copying 4 resources from src\main\resources to target\classes
2023-07-13 21:40:06,845 [Worker-7: Building] INFO  org.reflections.Reflections - Reflections took 1117 ms to scan 159 urls, producing 8881 keys and 43652 values
2023-07-13 21:40:06,853 [Worker-7: Building] INFO  c.v.f.s.f.TaskCopyFrontendFiles - Copying frontend resources from jar files ...
2023-07-13 21:40:07,229 [Worker-7: Building] INFO  c.v.f.s.f.TaskCopyFrontendFiles - Visited 158 resources. Took 376 ms.
2023-07-13 21:40:07,237 [Worker-7: Building] INFO  o.a.m.s.f.DefaultMavenResourcesFiltering - skip non existing resourceDirectory C:\Users\Usuario\Downloads\almacen-aduanas\src\test\resources
2023-07-13 21:40:35,142 [Worker-14: Launching Executing install in C__Users_Usuario_Downloads_almacen-aduanas] INFO  o.eclipse.m2e.core.internal.Bundles - getClasspathEntries(Bundle=org.eclipse.m2e.maven.runtime_3.8.701.20230209-1606 [607])
2023-07-13 21:40:35,147 [Worker-14: Launching Executing install in C__Users_Usuario_Downloads_almacen-aduanas] INFO  o.eclipse.m2e.core.internal.Bundles - 	Entry: C:\Users\Usuario\.p2\pool\plugins\org.eclipse.m2e.maven.runtime_3.8.701.20230209-1606
2023-07-13 21:40:35,148 [Worker-14: Launching Executing install in C__Users_Usuario_Downloads_almacen-aduanas] INFO  o.eclipse.m2e.core.internal.Bundles - 	Entry: C:\Users\Usuario\.p2\pool\plugins\org.eclipse.m2e.maven.runtime_3.8.701.20230209-1606\jars\aether-connector-okhttp-0.17.8.jar
2023-07-13 21:40:35,148 [Worker-14: Launching Executing install in C__Users_Usuario_Downloads_almacen-aduanas] INFO  o.eclipse.m2e.core.internal.Bundles - 	Entry: C:\Users\Usuario\.p2\pool\plugins\org.eclipse.m2e.maven.runtime_3.8.701.20230209-1606\jars\commons-lang3-3.8.1.jar
2023-07-13 21:40:35,149 [Worker-14: Launching Executing install in C__Users_Usuario_Downloads_almacen-aduanas] INFO  o.eclipse.m2e.core.internal.Bundles - 	Entry: C:\Users\Usuario\.p2\pool\plugins\org.eclipse.m2e.maven.runtime_3.8.701.20230209-1606\jars\guice-4.2.2-no_aop.jar
2023-07-13 21:40:35,149 [Worker-14: Launching Executing install in C__Users_Usuario_Downloads_almacen-aduanas] INFO  o.eclipse.m2e.core.internal.Bundles - 	Entry: C:\Users\Usuario\.p2\pool\plugins\org.eclipse.m2e.maven.runtime_3.8.701.20230209-1606\jars\jansi-2.4.0.jar
2023-07-13 21:40:35,149 [Worker-14: Launching Executing install in C__Users_Usuario_Downloads_almacen-aduanas] INFO  o.eclipse.m2e.core.internal.Bundles - 	Entry: C:\Users\Usuario\.p2\pool\plugins\org.eclipse.m2e.maven.runtime_3.8.701.20230209-1606\jars\maven-artifact-3.8.7.jar
2023-07-13 21:40:35,150 [Worker-14: Launching Executing install in C__Users_Usuario_Downloads_almacen-aduanas] INFO  o.eclipse.m2e.core.internal.Bundles - 	Entry: C:\Users\Usuario\.p2\pool\plugins\org.eclipse.m2e.maven.runtime_3.8.701.20230209-1606\jars\maven-builder-support-3.8.7.jar
2023-07-13 21:40:35,150 [Worker-14: Launching Executing install in C__Users_Usuario_Downloads_almacen-aduanas] INFO  o.eclipse.m2e.core.internal.Bundles - 	Entry: C:\Users\Usuario\.p2\pool\plugins\org.eclipse.m2e.maven.runtime_3.8.701.20230209-1606\jars\maven-compat-3.8.7.jar
2023-07-13 21:40:35,150 [Worker-14: Launching Executing install in C__Users_Usuario_Downloads_almacen-aduanas] INFO  o.eclipse.m2e.core.internal.Bundles - 	Entry: C:\Users\Usuario\.p2\pool\plugins\org.eclipse.m2e.maven.runtime_3.8.701.20230209-1606\jars\maven-core-3.8.7.jar
2023-07-13 21:40:35,151 [Worker-14: Launching Executing install in C__Users_Usuario_Downloads_almacen-aduanas] INFO  o.eclipse.m2e.core.internal.Bundles - 	Entry: C:\Users\Usuario\.p2\pool\plugins\org.eclipse.m2e.maven.runtime_3.8.701.20230209-1606\jars\maven-embedder-3.8.7.jar
2023-07-13 21:40:35,151 [Worker-14: Launching Executing install in C__Users_Usuario_Downloads_almacen-aduanas] INFO  o.eclipse.m2e.core.internal.Bundles - 	Entry: C:\Users\Usuario\.p2\pool\plugins\org.eclipse.m2e.maven.runtime_3.8.701.20230209-1606\jars\maven-model-3.8.7.jar
2023-07-13 21:40:35,151 [Worker-14: Launching Executing install in C__Users_Usuario_Downloads_almacen-aduanas] INFO  o.eclipse.m2e.core.internal.Bundles - 	Entry: C:\Users\Usuario\.p2\pool\plugins\org.eclipse.m2e.maven.runtime_3.8.701.20230209-1606\jars\maven-model-builder-3.8.7.jar
2023-07-13 21:40:35,151 [Worker-14: Launching Executing install in C__Users_Usuario_Downloads_almacen-aduanas] INFO  o.eclipse.m2e.core.internal.Bundles - 	Entry: C:\Users\Usuario\.p2\pool\plugins\org.eclipse.m2e.maven.runtime_3.8.701.20230209-1606\jars\maven-plugin-api-3.8.7.jar
2023-07-13 21:40:35,152 [Worker-14: Launching Executing install in C__Users_Usuario_Downloads_almacen-aduanas] INFO  o.eclipse.m2e.core.internal.Bundles - 	Entry: C:\Users\Usuario\.p2\pool\plugins\org.eclipse.m2e.maven.runtime_3.8.701.20230209-1606\jars\maven-repository-metadata-3.8.7.jar
2023-07-13 21:40:35,152 [Worker-14: Launching Executing install in C__Users_Usuario_Downloads_almacen-aduanas] INFO  o.eclipse.m2e.core.internal.Bundles - 	Entry: C:\Users\Usuario\.p2\pool\plugins\org.eclipse.m2e.maven.runtime_3.8.701.20230209-1606\jars\maven-resolver-api-1.6.3.jar
2023-07-13 21:40:35,152 [Worker-14: Launching Executing install in C__Users_Usuario_Downloads_almacen-aduanas] INFO  o.eclipse.m2e.core.internal.Bundles - 	Entry: C:\Users\Usuario\.p2\pool\plugins\org.eclipse.m2e.maven.runtime_3.8.701.20230209-1606\jars\maven-resolver-connector-basic-1.6.3.jar
2023-07-13 21:40:35,153 [Worker-14: Launching Executing install in C__Users_Usuario_Downloads_almacen-aduanas] INFO  o.eclipse.m2e.core.internal.Bundles - 	Entry: C:\Users\Usuario\.p2\pool\plugins\org.eclipse.m2e.maven.runtime_3.8.701.20230209-1606\jars\maven-resolver-impl-1.6.3.jar
2023-07-13 21:40:35,153 [Worker-14: Launching Executing install in C__Users_Usuario_Downloads_almacen-aduanas] INFO  o.eclipse.m2e.core.internal.Bundles - 	Entry: C:\Users\Usuario\.p2\pool\plugins\org.eclipse.m2e.maven.runtime_3.8.701.20230209-1606\jars\maven-resolver-provider-3.8.7.jar
2023-07-13 21:40:35,153 [Worker-14: Launching Executing install in C__Users_Usuario_Downloads_almacen-aduanas] INFO  o.eclipse.m2e.core.internal.Bundles - 	Entry: C:\Users\Usuario\.p2\pool\plugins\org.eclipse.m2e.maven.runtime_3.8.701.20230209-1606\jars\maven-resolver-spi-1.6.3.jar
2023-07-13 21:40:35,153 [Worker-14: Launching Executing install in C__Users_Usuario_Downloads_almacen-aduanas] INFO  o.eclipse.m2e.core.internal.Bundles - 	Entry: C:\Users\Usuario\.p2\pool\plugins\org.eclipse.m2e.maven.runtime_3.8.701.20230209-1606\jars\maven-resolver-transport-wagon-1.6.3.jar
2023-07-13 21:40:35,154 [Worker-14: Launching Executing install in C__Users_Usuario_Downloads_almacen-aduanas] INFO  o.eclipse.m2e.core.internal.Bundles - 	Entry: C:\Users\Usuario\.p2\pool\plugins\org.eclipse.m2e.maven.runtime_3.8.701.20230209-1606\jars\maven-resolver-util-1.6.3.jar
2023-07-13 21:40:35,154 [Worker-14: Launching Executing install in C__Users_Usuario_Downloads_almacen-aduanas] INFO  o.eclipse.m2e.core.internal.Bundles - 	Entry: C:\Users\Usuario\.p2\pool\plugins\org.eclipse.m2e.maven.runtime_3.8.701.20230209-1606\jars\maven-settings-3.8.7.jar
2023-07-13 21:40:35,154 [Worker-14: Launching Executing install in C__Users_Usuario_Downloads_almacen-aduanas] INFO  o.eclipse.m2e.core.internal.Bundles - 	Entry: C:\Users\Usuario\.p2\pool\plugins\org.eclipse.m2e.maven.runtime_3.8.701.20230209-1606\jars\maven-settings-builder-3.8.7.jar
2023-07-13 21:40:35,155 [Worker-14: Launching Executing install in C__Users_Usuario_Downloads_almacen-aduanas] INFO  o.eclipse.m2e.core.internal.Bundles - 	Entry: C:\Users\Usuario\.p2\pool\plugins\org.eclipse.m2e.maven.runtime_3.8.701.20230209-1606\jars\maven-shared-utils-3.3.4.jar
2023-07-13 21:40:35,155 [Worker-14: Launching Executing install in C__Users_Usuario_Downloads_almacen-aduanas] INFO  o.eclipse.m2e.core.internal.Bundles - 	Entry: C:\Users\Usuario\.p2\pool\plugins\org.eclipse.m2e.maven.runtime_3.8.701.20230209-1606\jars\okhttp-3.14.1.jar
2023-07-13 21:40:35,155 [Worker-14: Launching Executing install in C__Users_Usuario_Downloads_almacen-aduanas] INFO  o.eclipse.m2e.core.internal.Bundles - 	Entry: C:\Users\Usuario\.p2\pool\plugins\org.eclipse.m2e.maven.runtime_3.8.701.20230209-1606\jars\okio-1.17.3.jar
2023-07-13 21:40:35,156 [Worker-14: Launching Executing install in C__Users_Usuario_Downloads_almacen-aduanas] INFO  o.eclipse.m2e.core.internal.Bundles - 	Entry: C:\Users\Usuario\.p2\pool\plugins\org.eclipse.m2e.maven.runtime_3.8.701.20230209-1606\jars\org.eclipse.sisu.inject-0.3.5.jar
2023-07-13 21:40:35,156 [Worker-14: Launching Executing install in C__Users_Usuario_Downloads_almacen-aduanas] INFO  o.eclipse.m2e.core.internal.Bundles - 	Entry: C:\Users\Usuario\.p2\pool\plugins\org.eclipse.m2e.maven.runtime_3.8.701.20230209-1606\jars\org.eclipse.sisu.plexus-0.3.5.jar
2023-07-13 21:40:35,157 [Worker-14: Launching Executing install in C__Users_Usuario_Downloads_almacen-aduanas] INFO  o.eclipse.m2e.core.internal.Bundles - 	Entry: C:\Users\Usuario\.p2\pool\plugins\org.eclipse.m2e.maven.runtime_3.8.701.20230209-1606\jars\plexus-build-api-0.0.7.jar
2023-07-13 21:40:35,157 [Worker-14: Launching Executing install in C__Users_Usuario_Downloads_almacen-aduanas] INFO  o.eclipse.m2e.core.internal.Bundles - 	Entry: C:\Users\Usuario\.p2\pool\plugins\org.eclipse.m2e.maven.runtime_3.8.701.20230209-1606\jars\plexus-cipher-2.0.jar
2023-07-13 21:40:35,157 [Worker-14: Launching Executing install in C__Users_Usuario_Downloads_almacen-aduanas] INFO  o.eclipse.m2e.core.internal.Bundles - 	Entry: C:\Users\Usuario\.p2\pool\plugins\org.eclipse.m2e.maven.runtime_3.8.701.20230209-1606\jars\plexus-classworlds-2.6.0.jar
2023-07-13 21:40:35,158 [Worker-14: Launching Executing install in C__Users_Usuario_Downloads_almacen-aduanas] INFO  o.eclipse.m2e.core.internal.Bundles - 	Entry: C:\Users\Usuario\.p2\pool\plugins\org.eclipse.m2e.maven.runtime_3.8.701.20230209-1606\jars\plexus-component-annotations-2.1.0.jar
2023-07-13 21:40:35,158 [Worker-14: Launching Executing install in C__Users_Usuario_Downloads_almacen-aduanas] INFO  o.eclipse.m2e.core.internal.Bundles - 	Entry: C:\Users\Usuario\.p2\pool\plugins\org.eclipse.m2e.maven.runtime_3.8.701.20230209-1606\jars\plexus-interpolation-1.26.jar
2023-07-13 21:40:35,158 [Worker-14: Launching Executing install in C__Users_Usuario_Downloads_almacen-aduanas] INFO  o.eclipse.m2e.core.internal.Bundles - 	Entry: C:\Users\Usuario\.p2\pool\plugins\org.eclipse.m2e.maven.runtime_3.8.701.20230209-1606\jars\plexus-sec-dispatcher-2.0.jar
2023-07-13 21:40:35,159 [Worker-14: Launching Executing install in C__Users_Usuario_Downloads_almacen-aduanas] INFO  o.eclipse.m2e.core.internal.Bundles - 	Entry: C:\Users\Usuario\.p2\pool\plugins\org.eclipse.m2e.maven.runtime_3.8.701.20230209-1606\jars\plexus-utils-3.3.1.jar
2023-07-13 21:40:35,159 [Worker-14: Launching Executing install in C__Users_Usuario_Downloads_almacen-aduanas] INFO  o.eclipse.m2e.core.internal.Bundles - 	Entry: C:\Users\Usuario\.p2\pool\plugins\org.eclipse.m2e.maven.runtime_3.8.701.20230209-1606\jars\wagon-file-3.5.3.jar
2023-07-13 21:40:35,159 [Worker-14: Launching Executing install in C__Users_Usuario_Downloads_almacen-aduanas] INFO  o.eclipse.m2e.core.internal.Bundles - 	Entry: C:\Users\Usuario\.p2\pool\plugins\org.eclipse.m2e.maven.runtime_3.8.701.20230209-1606\jars\wagon-provider-api-3.5.3.jar
2023-07-13 21:40:35,162 [Worker-14: Launching Executing install in C__Users_Usuario_Downloads_almacen-aduanas] INFO  o.eclipse.m2e.core.internal.Bundles - getClasspathEntries(Bundle=com.google.guava_31.1.0.jre [11])
2023-07-13 21:40:35,163 [Worker-14: Launching Executing install in C__Users_Usuario_Downloads_almacen-aduanas] INFO  o.eclipse.m2e.core.internal.Bundles - 	Entry: C:\Users\Usuario\.p2\pool\plugins\com.google.guava_31.1.0.jre.jar
2023-07-13 21:40:35,163 [Worker-14: Launching Executing install in C__Users_Usuario_Downloads_almacen-aduanas] INFO  o.eclipse.m2e.core.internal.Bundles - getClasspathEntries(Bundle=slf4j.api_1.7.36 [921])
2023-07-13 21:40:35,164 [Worker-14: Launching Executing install in C__Users_Usuario_Downloads_almacen-aduanas] INFO  o.eclipse.m2e.core.internal.Bundles - 	Entry: C:\Users\Usuario\.p2\pool\plugins\slf4j.api_1.7.36.jar
2023-07-13 21:40:35,164 [Worker-14: Launching Executing install in C__Users_Usuario_Downloads_almacen-aduanas] INFO  o.eclipse.m2e.core.internal.Bundles - getClasspathEntries(Bundle=javax.inject_1.0.0.v20220405-0441 [35])
2023-07-13 21:40:35,166 [Worker-14: Launching Executing install in C__Users_Usuario_Downloads_almacen-aduanas] INFO  o.eclipse.m2e.core.internal.Bundles - 	Entry: C:\Users\Usuario\.p2\pool\plugins\javax.inject_1.0.0.v20220405-0441.jar
2023-07-13 21:40:35,167 [Worker-14: Launching Executing install in C__Users_Usuario_Downloads_almacen-aduanas] INFO  o.eclipse.m2e.core.internal.Bundles - getClasspathEntries(Bundle=javax.annotation_1.3.5.v20221203-1659 [33])
2023-07-13 21:40:35,169 [Worker-14: Launching Executing install in C__Users_Usuario_Downloads_almacen-aduanas] INFO  o.eclipse.m2e.core.internal.Bundles - 	Entry: C:\Users\Usuario\.p2\pool\plugins\javax.annotation_1.3.5.v20221203-1659.jar
2023-07-13 21:40:35,169 [Worker-14: Launching Executing install in C__Users_Usuario_Downloads_almacen-aduanas] INFO  o.eclipse.m2e.core.internal.Bundles - getClasspathEntries(Bundle=org.apache.commons.cli_1.4.0.v20221112-0806 [67])
2023-07-13 21:40:35,170 [Worker-14: Launching Executing install in C__Users_Usuario_Downloads_almacen-aduanas] INFO  o.eclipse.m2e.core.internal.Bundles - 	Entry: C:\Users\Usuario\.p2\pool\plugins\org.apache.commons.cli_1.4.0.v20221112-0806.jar
2023-07-13 21:40:35,170 [Worker-14: Launching Executing install in C__Users_Usuario_Downloads_almacen-aduanas] INFO  o.eclipse.m2e.core.internal.Bundles - getClasspathEntries(Bundle=com.google.guava.failureaccess_1.0.1 [13])
2023-07-13 21:40:35,172 [Worker-14: Launching Executing install in C__Users_Usuario_Downloads_almacen-aduanas] INFO  o.eclipse.m2e.core.internal.Bundles - 	Entry: C:\Users\Usuario\.p2\pool\plugins\com.google.guava.failureaccess_1.0.1.jar
2023-07-13 21:40:35,183 [Worker-14: Launching Executing install in C__Users_Usuario_Downloads_almacen-aduanas] INFO  o.e.m.i.launch.MavenLaunchDelegate - Run build in "C:\Users\Usuario\Downloads\almacen-aduanas":
2023-07-13 21:40:35,188 [Worker-14: Launching Executing install in C__Users_Usuario_Downloads_almacen-aduanas] INFO  o.e.m.i.launch.MavenLaunchDelegate -  mvn  -B -Dstyle.color=always install
2023-07-13 21:40:48,176 [Worker-21: Building] INFO  o.a.m.s.f.DefaultMavenResourcesFiltering - Copying 1 resource from src\main\resources to target\classes
2023-07-13 21:40:48,185 [Worker-21: Building] INFO  o.a.m.s.f.DefaultMavenResourcesFiltering - Copying 4 resources from src\main\resources to target\classes
2023-07-13 21:40:48,193 [Worker-21: Building] INFO  o.a.m.s.f.DefaultMavenResourcesFiltering - skip non existing resourceDirectory C:\Users\Usuario\Downloads\almacen-aduanas\src\test\resources
